This is LuaHBTeX, Version 1.22.0 (TeX Live 2025)  (format=lualatex 2025.8.21)  21 AUG 2025 12:23
 restricted system commands enabled.
**incremental-paper.tex
(./incremental-paper.tex
LaTeX2e <2025-06-01> patch level 1
L3 programming layer <2025-08-13>
Lua module: luaotfload 2024-12-03 v3.29 Lua based OpenType font support
Lua module: lualibs 2023-07-13 v2.76 ConTeXt Lua standard libraries.
Lua module: lualibs-extended 2023-07-13 v2.76 ConTeXt Lua libraries -- extended 
collection.
luaotfload | conf : Root cache directory is "/Users/thomasporter/Library/texlive
/2025basic/texmf-var/luatex-cache/generic/names".
luaotfload | init : No match for requested fontloader "fontloader-2023-12-28.lua
".
luaotfload | init : Defaulting to predefined fontloader "reference".
Lua-only attribute luaotfload@noligature = 1
luaotfload | init : Context OpenType loader version 3.134
luaotfload | load : FATAL ERROR
luaotfload | load :   × Failed to load "luaotfload" module "multiscript".
luaotfload | load :   × Error message:
luaotfload | load :     × "[string \"-- luatex-core security and io overloads .
....\"]:97: bad argument #1 to 'kpse_in_name_ok_silent_extended' (string expecte
d, got nil)".